0 info it worked if it ends with ok
1 verbose cli [ '/usr/local/Cellar/node/6.3.1/bin/node',
1 verbose cli   '/usr/local/bin/npm',
1 verbose cli   'run-script',
1 verbose cli   'launch' ]
2 info using npm@3.10.7
3 info using node@v6.3.1
4 verbose run-script [ 'prelaunch', 'launch', 'postlaunch' ]
5 info lifecycle @~prelaunch: @
6 silly lifecycle @~prelaunch: no script for prelaunch, continuing
7 info lifecycle @~launch: @
8 verbose lifecycle @~launch: unsafe-perm in lifecycle true
9 verbose lifecycle @~launch: PATH: /usr/local/lib/node_modules/npm/bin/node-gyp-bin:/Users/administrator/dev/55retirementplaces/node_modules/.bin:/usr/local/Cellar/node/6.3.1/bin:/usr/local/bin:/usr/bin:/bin:/usr/sbin:/sbin
10 verbose lifecycle @~launch: CWD: /Users/administrator/dev/55retirementplaces
11 silly lifecycle @~launch: Args: [ '-c', 'sh launch.sh' ]
12 info lifecycle @~launch: Failed to exec launch script
13 verbose stack Error: @ launch: `sh launch.sh`
13 verbose stack spawn ENOENT
13 verbose stack     at ChildProcess.<anonymous> (/usr/local/lib/node_modules/npm/lib/utils/spawn.js:33:16)
13 verbose stack     at emitTwo (events.js:106:13)
13 verbose stack     at ChildProcess.emit (events.js:191:7)
13 verbose stack     at maybeClose (internal/child_process.js:852:16)
13 verbose stack     at Process.ChildProcess._handle.onexit (internal/child_process.js:215:5)
14 verbose pkgid @
15 verbose cwd /Users/administrator/dev/55retirementplaces
16 error Darwin 15.6.0
17 error argv "/usr/local/Cellar/node/6.3.1/bin/node" "/usr/local/bin/npm" "run-script" "launch"
18 error node v6.3.1
19 error npm  v3.10.7
20 error file sh
21 error code ELIFECYCLE
22 error errno ENOENT
23 error syscall spawn
24 error @ launch: `sh launch.sh`
24 error spawn ENOENT
25 error Failed at the @ launch script 'sh launch.sh'.
25 error Make sure you have the latest version of node.js and npm installed.
25 error If you do, this is most likely a problem with the  package,
25 error not with npm itself.
25 error Tell the author that this fails on your system:
25 error     sh launch.sh
25 error You can get information on how to open an issue for this project with:
25 error     npm bugs
25 error Or if that isn't available, you can get their info via:
25 error     npm owner ls
25 error There is likely additional logging output above.
26 verbose exit [ 1, true ]
